<?xml version="1.0" encoding="UTF-8"?>
<!-- Generated by org.testng.reporters.JUnitReportReporter -->
<testsuite hostname="Amits-Air.domain.name" failures="0" tests="1" name="SauceDemo.HomePageNavigation" time="0.277" errors="0" timestamp="2023-04-13T12:58:45 IST" skipped="0">
  <testcase classname="SauceDemo.HomePageNavigation" name="Test1" time="0.277"/>
  <system-out/>
</testsuite> <!-- SauceDemo.HomePageNavigation -->
