<?xml version="1.0" encoding="UTF-8"?>
<!-- Generated by org.testng.reporters.JUnitReportReporter -->
<testsuite hostname="Amits-Air.domain.name" failures="0" tests="4" name="SauceDemo.LoginMultipleUser" time="0.015" errors="0" timestamp="2023-05-02T19:21:49 IST" skipped="0">
  <testcase classname="SauceDemo.LoginMultipleUser" name="TestLogin" time="0.003"/>
  <system-out/>
  <testcase classname="SauceDemo.LoginMultipleUser" name="TestLogin" time="0.002"/>
  <system-out/>
  <testcase classname="SauceDemo.LoginMultipleUser" name="TestLogin" time="0.006"/>
  <system-out/>
  <testcase classname="SauceDemo.LoginMultipleUser" name="TestLogin" time="0.004"/>
  <system-out/>
</testsuite> <!-- SauceDemo.LoginMultipleUser -->
