<?xml version="1.0" encoding="UTF-8"?>
<!-- Generated by org.testng.reporters.JUnitReportReporter -->
<testsuite hostname="Amits-Air.domain.name" failures="0" tests="8" name="SauceDemo.HomePageTest" time="0.798" errors="0" timestamp="2023-05-03T17:43:20 IST" skipped="0">
  <testcase classname="SauceDemo.HomePageTest" name="testLogin" time="0.181"/>
  <system-out/>
  <testcase classname="SauceDemo.HomePageTest" name="verifyProduct" time="0.029"/>
  <system-out/>
  <testcase classname="SauceDemo.HomePageTest" name="addToCart" time="0.044"/>
  <system-out/>
  <testcase classname="SauceDemo.HomePageTest" name="goToCart" time="0.066"/>
  <system-out/>
  <testcase classname="SauceDemo.HomePageTest" name="removeFromCart" time="0.117"/>
  <system-out/>
  <testcase classname="SauceDemo.HomePageTest" name="addTwoProductToCart" time="0.110"/>
  <system-out/>
  <testcase classname="SauceDemo.HomePageTest" name="checkOut" time="0.201"/>
  <system-out/>
  <testcase classname="SauceDemo.HomePageTest" name="backToHomePage" time="0.050"/>
  <system-out/>
</testsuite> <!-- SauceDemo.HomePageTest -->
