<?xml version="1.0" encoding="UTF-8"?>
<!-- Generated by org.testng.reporters.JUnitReportReporter -->
<testsuite hostname="Amits-Air.domain.name" failures="0" tests="1" name="SauceDemo.LoginTest" time="0.004" errors="0" timestamp="2023-04-13T13:38:21 IST" skipped="0">
  <testcase classname="SauceDemo.LoginTest" name="TestLogin" time="0.004"/>
  <system-out/>
</testsuite> <!-- SauceDemo.LoginTest -->
