<?xml version="1.0" encoding="UTF-8"?>
<!-- Generated by org.testng.reporters.JUnitReportReporter -->
<testsuite hostname="Amits-Air.domain.name" failures="0" tests="3" name="SauceDemo.LoginPageNavigation" time="0.976" errors="0" timestamp="2023-04-24T20:46:38 IST" skipped="0">
  <testcase classname="SauceDemo.LoginPageNavigation" name="loginPageValidation" time="0.059"/>
  <system-out/>
  <testcase classname="SauceDemo.LoginPageNavigation" name="testLogin" time="0.315"/>
  <system-out/>
  <testcase classname="SauceDemo.LoginPageNavigation" name="testLogout" time="0.602"/>
  <system-out/>
</testsuite> <!-- SauceDemo.LoginPageNavigation -->
