<?xml version="1.0" encoding="UTF-8"?>
<!-- Generated by org.testng.reporters.JUnitReportReporter -->
<testsuite hostname="Amits-Air.domain.name" failures="0" tests="1" name="FirstTest.PWTest1" time="0.268" errors="0" timestamp="2023-04-12T19:39:08 IST" skipped="0">
  <testcase classname="FirstTest.PWTest1" name="Test1" time="0.268"/>
  <system-out/>
</testsuite> <!-- FirstTest.PWTest1 -->
