<?xml version="1.0" encoding="UTF-8"?>
<!-- Generated by org.testng.reporters.JUnitReportReporter -->
<testsuite hostname="Amits-Air.domain.name" failures="0" tests="8" name="SauceDemo.LoginPageTest" time="8.060" errors="0" timestamp="2023-05-03T17:43:20 IST" skipped="1">
  <testcase classname="SauceDemo.LoginPageTest" name="loginPageValidation" time="0.048"/>
  <system-out/>
  <testcase classname="SauceDemo.LoginPageTest" name="testLogin" time="0.329"/>
  <system-out/>
  <testcase classname="SauceDemo.LoginPageTest" name="testLogout" time="0.608"/>
  <system-out/>
  <testcase classname="SauceDemo.LoginPageTest" name="TestLogin" time="0.671"/>
  <system-out/>
  <testcase classname="SauceDemo.LoginPageTest" name="TestLogin" time="0.668"/>
  <system-out/>
  <testcase classname="SauceDemo.LoginPageTest" name="TestLogin" time="5.666"/>
  <system-out/>
  <testcase classname="SauceDemo.LoginPageTest" name="TestLogin" time="0.070"/>
  <system-out/>
  <testcase classname="SauceDemo.LoginPageTest" name="storageStateLogin">
    <skipped/>
  </testcase> <!-- storageStateLogin -->
  <system-out/>
</testsuite> <!-- SauceDemo.LoginPageTest -->
