<?xml version="1.0" encoding="UTF-8"?>
<!-- Generated by org.testng.reporters.JUnitReportReporter -->
<testsuite hostname="Amits-Air.domain.name" failures="0" tests="4" name="SauceDemo.MultipleUserLoginTest" time="7.245" errors="0" timestamp="2023-05-02T20:56:38 IST" skipped="0">
  <testcase classname="SauceDemo.MultipleUserLoginTest" name="TestLogin" time="0.109"/>
  <system-out/>
  <testcase classname="SauceDemo.MultipleUserLoginTest" name="TestLogin" time="0.790"/>
  <system-out/>
  <testcase classname="SauceDemo.MultipleUserLoginTest" name="TestLogin" time="0.675"/>
  <system-out/>
  <testcase classname="SauceDemo.MultipleUserLoginTest" name="TestLogin" time="5.671"/>
  <system-out/>
</testsuite> <!-- SauceDemo.MultipleUserLoginTest -->
